Using pre-set license
Built from '2020.3/staging' branch; Version is '2020.3.24f1 (79c78de19888) revision 7980941'; Using compiler version '192528614'; Build Type 'Release'
OS: 'Windows 11  (10.0.22000) 64bit Core' Language: 'en' Physical Memory: 15789 MB
BatchMode: 1, IsHumanControllingUs: 0, StartBugReporterOnCrash: 0, Is64bit: 1, IsPro: 0

COMMAND LINE ARGUMENTS:
C:\Program Files\Unity\Hub\Editor\2020.3.24f1\Editor\Unity.exe
-adb2
-batchMode
-noUpm
-name
AssetImportWorker0
-projectPath
C:/Users/omega/0 Game Projects/Game Projects/Thor Bridgekeeper
-logFile
Logs/AssetImportWorker0.log
-srvPort
58522
Successfully changed project path to: C:/Users/omega/0 Game Projects/Game Projects/Thor Bridgekeeper
C:/Users/omega/0 Game Projects/Game Projects/Thor Bridgekeeper
Using Asset Import Pipeline V2.
Refreshing native plugins compatible for Editor in 124.40 ms, found 11 plugins.
Preloading 1 native plugins for Editor in 0.72 ms.
Initialize engine version: 2020.3.24f1 (79c78de19888)
[Subsystems] Discovering subsystems at path C:/Program Files/Unity/Hub/Editor/2020.3.24f1/Editor/Data/Resources/UnitySubsystems
[Subsystems] Discovering subsystems at path C:/Users/omega/0 Game Projects/Game Projects/Thor Bridgekeeper/Assets
GfxDevice: creating device client; threaded=0
Direct3D:
    Version:  Direct3D 11.0 [level 11.1]
    Renderer: NVIDIA GeForce RTX 2060 with Max-Q Design (ID=0x1f12)
    Vendor:   
    VRAM:     5980 MB
    Driver:   30.0.14.9709
Initialize mono
Mono path[0] = 'C:/Program Files/Unity/Hub/Editor/2020.3.24f1/Editor/Data/Managed'
Mono path[1] = 'C:/Program Files/Unity/Hub/Editor/2020.3.24f1/Editor/Data/MonoBleedingEdge/lib/mono/unityjit'
Mono config path = 'C:/Program Files/Unity/Hub/Editor/2020.3.24f1/Editor/Data/MonoBleedingEdge/etc'
Using monoOptions --debugger-agent=transport=dt_socket,embedding=1,server=y,suspend=n,address=127.0.0.1:56400
Begin MonoManager ReloadAssembly
Registering precompiled unity dll's ...
Register platform support module: C:/Program Files/Unity/Hub/Editor/2020.3.24f1/Editor/Data/PlaybackEngines/WindowsStandaloneSupport/UnityEditor.WindowsStandalone.Extensions.dll
Register platform support module: C:/Program Files/Unity/Hub/Editor/2020.3.24f1/Editor/Data/PlaybackEngines/LinuxStandaloneSupport/UnityEditor.LinuxStandalone.Extensions.dll
Registered in 0.001277 seconds.
Native extension for LinuxStandalone target not found
Native extension for WindowsStandalone target not found
Refreshing native plugins compatible for Editor in 120.02 ms, found 11 plugins.
Preloading 1 native plugins for Editor in 0.06 ms.
Mono: successfully reloaded assembly
- Completed reload, in  0.606 seconds
Domain Reload Profiling:
	ReloadAssembly (606ms)
		BeginReloadAssembly (42ms)
			ExecutionOrderSort (0ms)
			DisableScriptedObjects (0ms)
			BackupInstance (0ms)
			ReleaseScriptingObjects (0ms)
			CreateAndSetChildDomain (1ms)
		EndReloadAssembly (502ms)
			LoadAssemblies (40ms)
			RebuildTransferFunctionScriptingTraits (0ms)
			SetupTypeCache (124ms)
			ReleaseScriptCaches (0ms)
			RebuildScriptCaches (33ms)
			SetupLoadedEditorAssemblies (247ms)
				LogAssemblyErrors (0ms)
				InitializePlatformSupportModulesInManaged (6ms)
				SetLoadedEditorAssemblies (1ms)
				RefreshPlugins (120ms)
				BeforeProcessingInitializeOnLoad (15ms)
				ProcessInitializeOnLoadAttributes (80ms)
				ProcessInitializeOnLoadMethodAttributes (25ms)
				AfterProcessingInitializeOnLoad (0ms)
				EditorAssembliesLoaded (0ms)
			ExecutionOrderSort2 (0ms)
			AwakeInstancesAfterBackupRestoration (0ms)
Platform modules already initialized, skipping
Registering precompiled user dll's ...
Registered in 0.007089 seconds.
Begin MonoManager ReloadAssembly
Symbol file LoadedFromMemory doesn't match image C:\Users\omega\0 Game Projects\Game Projects\Thor Bridgekeeper\Library\PackageCache\com.unity.visualscripting@1.6.1\Editor\VisualScripting.Core\Dependencies\DotNetZip\Unity.VisualScripting.IonicZip.dll
Symbol file LoadedFromMemory doesn't match image C:\Users\omega\0 Game Projects\Game Projects\Thor Bridgekeeper\Library\PackageCache\com.unity.visualscripting@1.6.1\Editor\VisualScripting.Core\Dependencies\YamlDotNet\Unity.VisualScripting.YamlDotNet.dll
Native extension for LinuxStandalone target not found
Native extension for WindowsStandalone target not found
Refreshing native plugins compatible for Editor in 130.77 ms, found 11 plugins.
Preloading 1 native plugins for Editor in 0.08 ms.
System.Reflection.TargetInvocationException: Exception has been thrown by the target of an invocation. ---> System.NullReferenceException: Object reference not set to an instance of an object
  at Unity.XR.Oculus.OculusLoader.AssetPathToAbsolutePath (System.String assetPath) [0x0004c] in C:\Users\omega\0 Game Projects\Game Projects\Thor Bridgekeeper\Library\PackageCache\com.unity.xr.oculus@1.11.0\Runtime\OculusLoader.cs:250 
  at Unity.XR.Oculus.OculusLoader.EditorLoadOVRPlugin () [0x000b0] in C:\Users\omega\0 Game Projects\Game Projects\Thor Bridgekeeper\Library\PackageCache\com.unity.xr.oculus@1.11.0\Runtime\OculusLoader.cs:235 
  at (wrapper managed-to-native) System.Reflection.MonoMethod.InternalInvoke(System.Reflection.MonoMethod,object,object[],System.Exception&)
  at System.Reflection.MonoMethod.Invoke (System.Object obj, System.Reflection.BindingFlags invokeAttr, System.Reflection.Binder binder, System.Object[] parameters, System.Globalization.CultureInfo culture) [0x00032] in <695d1cc93cca45069c528c15c9fdd749>:0 
   --- End of inner exception stack trace ---
  at System.Reflection.MonoMethod.Invoke (System.Object obj, System.Reflection.BindingFlags invokeAttr, System.Reflection.Binder binder, System.Object[] parameters, System.Globalization.CultureInfo culture) [0x00048] in <695d1cc93cca45069c528c15c9fdd749>:0 
  at System.Reflection.MethodBase.Invoke (System.Object obj, System.Object[] parameters) [0x00000] in <695d1cc93cca45069c528c15c9fdd749>:0 
  at UnityEditor.EditorAssemblies.ProcessInitializeOnLoadMethodAttributes () [0x00047] in <bbfbd5a71eea45d1a1354233c800516b>:0 
UnityEngine.StackTraceUtility:ExtractStackTrace ()
UnityEngine.DebugLogHandler:LogFormat (UnityEngine.LogType,UnityEngine.Object,string,object[])
UnityEngine.Logger:Log (UnityEngine.LogType,object)
UnityEngine.Debug:LogError (object)
UnityEditor.EditorAssemblies:ProcessInitializeOnLoadMethodAttributes ()

Mono: successfully reloaded assembly
- Completed reload, in  1.525 seconds
Domain Reload Profiling:
	ReloadAssembly (1526ms)
		BeginReloadAssembly (121ms)
			ExecutionOrderSort (0ms)
			DisableScriptedObjects (4ms)
			BackupInstance (0ms)
			ReleaseScriptingObjects (0ms)
			CreateAndSetChildDomain (18ms)
		EndReloadAssembly (1350ms)
			LoadAssemblies (83ms)
			RebuildTransferFunctionScriptingTraits (0ms)
			SetupTypeCache (409ms)
			ReleaseScriptCaches (1ms)
			RebuildScriptCaches (108ms)
			SetupLoadedEditorAssemblies (625ms)
				LogAssemblyErrors (0ms)
				InitializePlatformSupportModulesInManaged (5ms)
				SetLoadedEditorAssemblies (0ms)
				RefreshPlugins (131ms)
				BeforeProcessingInitializeOnLoad (136ms)
				ProcessInitializeOnLoadAttributes (327ms)
				ProcessInitializeOnLoadMethodAttributes (21ms)
				AfterProcessingInitializeOnLoad (4ms)
				EditorAssembliesLoaded (0ms)
			ExecutionOrderSort2 (0ms)
			AwakeInstancesAfterBackupRestoration (5ms)
Platform modules already initialized, skipping
========================================================================
Worker process is ready to serve import requests
Launched and connected shader compiler UnityShaderCompiler.exe after 0.06 seconds
Refreshing native plugins compatible for Editor in 1.91 ms, found 11 plugins.
Preloading 1 native plugins for Editor in 0.11 ms.
Unloading 5577 Unused Serialized files (Serialized files now loaded: 0)
System memory in use before: 207.7 MB.
System memory in use after: 208.1 MB.

Unloading 45 unused Assets to reduce memory usage. Loaded Objects now: 6011.
Total: 6.089800 ms (FindLiveObjects: 0.999500 ms CreateObjectMapping: 0.699000 ms MarkObjects: 4.286200 ms  DeleteObjects: 0.102400 ms)

AssetImportParameters requested are different than current active one (requested -> active):
  custom:framework-win-MediaFoundation: 216162199b28c13a410421893ffa2e32 -> 
  custom:video-decoder-ogg-theora: a1e56fd34408186e4bbccfd4996cb3dc -> 
  custom:container-muxer-webm: aa71ff27fc2769a1b78a27578f13a17b -> 
  custom:container-demuxer-webm: 4f35f7cbe854078d1ac9338744f61a02 -> 
  custom:container-demuxer-ogg: 62fdf1f143b41e24485cea50d1cbac27 -> 
  custom:video-encoder-webm-vp8: eb34c28f22e8b96e1ab97ce403110664 -> 
  custom:video-codec-MediaFoundation-h265: e54d7ab0439102e2317fc1e4b246158d -> 
  custom:video-decoder-webm-vp8: 9c59270c3fd7afecdb556c50c9e8de78 -> 
  custom:audio-decoder-ogg-vorbis: bf7c407c2cedff20999df2af8eb42d56 -> 
  custom:audio-encoder-webm-vorbis: bf7c407c2cedff20999df2af8eb42d56 -> 
========================================================================
Received Import Request.
  path: Assets/Materials/Snow0192_6_seamless_S.jpg
  artifactKey: Guid(c36f573feb163e148915aa963ee2f41c) Importer(815301076,1909f56bfc062723c751e8b465ee728b)
Start importing Assets/Materials/Snow0192_6_seamless_S.jpg using Guid(c36f573feb163e148915aa963ee2f41c) Importer(815301076,1909f56bfc062723c751e8b465ee728b)  -> (artifact id: '9620e4ce26ff1f0a3fb6edb9f25a2033') in 0.161334 seconds 
  Import took 0.171276 seconds .

========================================================================
Received Import Request.
  Time since last request: 0.000265 seconds.
  path: Assets/Materials/healthMaterial.mat
  artifactKey: Guid(934e9882c27312d47bfc0dafa104c071) Importer(815301076,1909f56bfc062723c751e8b465ee728b)
Start importing Assets/Materials/healthMaterial.mat using Guid(934e9882c27312d47bfc0dafa104c071) Importer(815301076,1909f56bfc062723c751e8b465ee728b)  -> (artifact id: '5097e48aa58ef569b8ae83df857c4287') in 0.197038 seconds 
  Import took 0.205848 seconds .

========================================================================
Received Import Request.
  Time since last request: 0.000275 seconds.
  path: Assets/Materials/particlelightning.mat
  artifactKey: Guid(13cd800828d98df4bbf50619e8c099ff) Importer(815301076,1909f56bfc062723c751e8b465ee728b)
Start importing Assets/Materials/particlelightning.mat using Guid(13cd800828d98df4bbf50619e8c099ff) Importer(815301076,1909f56bfc062723c751e8b465ee728b)  -> (artifact id: '4aac3b7786f8beceb4a571bc7dc11c15') in 0.287393 seconds 
  Import took 0.296355 seconds .

========================================================================
Received Import Request.
  Time since last request: 0.000335 seconds.
  path: Assets/Materials/d62c2g1-970af5dc-d1cb-4513-ad1a-c290bc43a3ff.png
  artifactKey: Guid(732f242ee3c725144b328414c41811e1) Importer(815301076,1909f56bfc062723c751e8b465ee728b)
Start importing Assets/Materials/d62c2g1-970af5dc-d1cb-4513-ad1a-c290bc43a3ff.png using Guid(732f242ee3c725144b328414c41811e1) Importer(815301076,1909f56bfc062723c751e8b465ee728b)  -> (artifact id: '554aaf92f934963ca7dba38396dfa15f') in 0.052928 seconds 
  Import took 0.062092 seconds .

========================================================================
Received Import Request.
  Time since last request: 0.000294 seconds.
  path: Assets/Materials/particle.png
  artifactKey: Guid(51f3fba097f684b4bb14e114d16ee40f) Importer(815301076,1909f56bfc062723c751e8b465ee728b)
Start importing Assets/Materials/particle.png using Guid(51f3fba097f684b4bb14e114d16ee40f) Importer(815301076,1909f56bfc062723c751e8b465ee728b)  -> (artifact id: '7871a6f998c50a18c90183436a64dedc') in 0.025090 seconds 
  Import took 0.035020 seconds .

========================================================================
Received Import Request.
  Time since last request: 0.000332 seconds.
  path: Assets/Materials/targetMaterial.mat
  artifactKey: Guid(bf337b002c9d8d44bbcba84f6db4a1f9) Importer(815301076,1909f56bfc062723c751e8b465ee728b)
Start importing Assets/Materials/targetMaterial.mat using Guid(bf337b002c9d8d44bbcba84f6db4a1f9) Importer(815301076,1909f56bfc062723c751e8b465ee728b)  -> (artifact id: '4ff9965892693a45eeb51cd10ad9bfe6') in 0.024951 seconds 
  Import took 0.033486 seconds .

========================================================================
Received Import Request.
  Time since last request: 0.000315 seconds.
  path: Assets/Materials/EnemyMaterial.mat
  artifactKey: Guid(6c751f76f8a33444695e1e145d6956a9) Importer(815301076,1909f56bfc062723c751e8b465ee728b)
Start importing Assets/Materials/EnemyMaterial.mat using Guid(6c751f76f8a33444695e1e145d6956a9) Importer(815301076,1909f56bfc062723c751e8b465ee728b)  -> (artifact id: '19623ee781fb27fd5794974be63fdfe2') in 0.037602 seconds 
  Import took 0.046836 seconds .

========================================================================
Received Import Request.
  Time since last request: 0.000282 seconds.
  path: Assets/Materials/Hands.mat
  artifactKey: Guid(21f70097e6144db42b40171e5b4a78ab) Importer(815301076,1909f56bfc062723c751e8b465ee728b)
Start importing Assets/Materials/Hands.mat using Guid(21f70097e6144db42b40171e5b4a78ab) Importer(815301076,1909f56bfc062723c751e8b465ee728b)  -> (artifact id: 'a4a8f85124cb87180fbe36c648d6a974') in 0.027522 seconds 
  Import took 0.036383 seconds .

========================================================================
Received Import Request.
  Time since last request: 0.000233 seconds.
  path: Assets/Materials/Black.mat
  artifactKey: Guid(459ac43970238da4d9a1bcc37585c2fd) Importer(815301076,1909f56bfc062723c751e8b465ee728b)
Start importing Assets/Materials/Black.mat using Guid(459ac43970238da4d9a1bcc37585c2fd) Importer(815301076,1909f56bfc062723c751e8b465ee728b)  -> (artifact id: '1f8ddf5304a76b9b306cabc6c247ea47') in 0.025253 seconds 
  Import took 0.033735 seconds .

========================================================================
Received Import Request.
  Time since last request: 0.000274 seconds.
  path: Assets/Materials
  artifactKey: Guid(c2d81b8b0dd10f449b1e86a239fe2c9d) Importer(815301076,1909f56bfc062723c751e8b465ee728b)
Start importing Assets/Materials using Guid(c2d81b8b0dd10f449b1e86a239fe2c9d) Importer(815301076,1909f56bfc062723c751e8b465ee728b)  -> (artifact id: '6027d27fd3f749bfe86710b3b38ee4f7') in 0.007805 seconds 
  Import took 0.017989 seconds .

========================================================================
Received Import Request.
  Time since last request: 0.000226 seconds.
  path: Assets/Materials/BoltShader.shadergraph
  artifactKey: Guid(acdba978a8ce1d24ba68013607e31a5f) Importer(815301076,1909f56bfc062723c751e8b465ee728b)
Start importing Assets/Materials/BoltShader.shadergraph using Guid(acdba978a8ce1d24ba68013607e31a5f) Importer(815301076,1909f56bfc062723c751e8b465ee728b)  -> (artifact id: 'bd40dfb04cc57c0b8438aeb47316002c') in 0.020203 seconds 
  Import took 0.028669 seconds .

========================================================================
Received Import Request.
  Time since last request: 0.000199 seconds.
  path: Assets/Materials/Stone.mat
  artifactKey: Guid(ec2ccf43117c7324f869e65a3980476e) Importer(815301076,1909f56bfc062723c751e8b465ee728b)
Start importing Assets/Materials/Stone.mat using Guid(ec2ccf43117c7324f869e65a3980476e) Importer(815301076,1909f56bfc062723c751e8b465ee728b)  -> (artifact id: '665205e4ed05b6372c08639a5a4fb3c2') in 0.022653 seconds 
  Import took 0.031674 seconds .

========================================================================
Received Import Request.
  Time since last request: 0.000324 seconds.
  path: Assets/Materials/Mjolnir.prefab
  artifactKey: Guid(7f47cb6b618a59c42a1717cffb753a85) Importer(815301076,1909f56bfc062723c751e8b465ee728b)
Start importing Assets/Materials/Mjolnir.prefab using Guid(7f47cb6b618a59c42a1717cffb753a85) Importer(815301076,1909f56bfc062723c751e8b465ee728b)  -> (artifact id: 'e7bcf92055ff91cd78f838464e8afdbf') in 0.054935 seconds 
  Import took 0.063466 seconds .

========================================================================
Received Import Request.
  Time since last request: 0.000269 seconds.
  path: Assets/Materials/Green.mat
  artifactKey: Guid(dfc0e5affbd943346a479e638d0bd711) Importer(815301076,1909f56bfc062723c751e8b465ee728b)
Start importing Assets/Materials/Green.mat using Guid(dfc0e5affbd943346a479e638d0bd711) Importer(815301076,1909f56bfc062723c751e8b465ee728b)  -> (artifact id: 'd7ea8865d6227ad6422d23708d7a4c06') in 0.018206 seconds 
  Import took 0.028262 seconds .

========================================================================
Received Import Request.
  Time since last request: 0.000262 seconds.
  path: Assets/Materials/Yggdrasil.mat
  artifactKey: Guid(0efb4b59a19d4f5498047a164145af7f) Importer(815301076,1909f56bfc062723c751e8b465ee728b)
Start importing Assets/Materials/Yggdrasil.mat using Guid(0efb4b59a19d4f5498047a164145af7f) Importer(815301076,1909f56bfc062723c751e8b465ee728b)  -> (artifact id: '79888be746681f1ee41ddc27169e087e') in 0.031589 seconds 
  Import took 0.040705 seconds .

========================================================================
Received Import Request.
  Time since last request: 0.000303 seconds.
  path: Assets/Materials/Bridge.mat
  artifactKey: Guid(e65e86e30bbdbd449b8ff14a061c1e2f) Importer(815301076,1909f56bfc062723c751e8b465ee728b)
Start importing Assets/Materials/Bridge.mat using Guid(e65e86e30bbdbd449b8ff14a061c1e2f) Importer(815301076,1909f56bfc062723c751e8b465ee728b)  -> (artifact id: '12c051f4ae02602ac62c6dfd9ebd4679') in 0.043655 seconds 
  Import took 0.052555 seconds .

========================================================================
Received Import Request.
  Time since last request: 0.000229 seconds.
  path: Assets/Materials/altParticles.mat
  artifactKey: Guid(b092dbaee9a81dc4f945a776fa04e59d) Importer(815301076,1909f56bfc062723c751e8b465ee728b)
Start importing Assets/Materials/altParticles.mat using Guid(b092dbaee9a81dc4f945a776fa04e59d) Importer(815301076,1909f56bfc062723c751e8b465ee728b)  -> (artifact id: '8511f08eb87ab759b924e27a92669bed') in 0.089116 seconds 
  Import took 0.098300 seconds .

========================================================================
Received Import Request.
  Time since last request: 0.000353 seconds.
  path: Assets/Materials/vfxGraphBolt.vfx
  artifactKey: Guid(8ab1e8e8dd7eb9c48a653517de090b3a) Importer(815301076,1909f56bfc062723c751e8b465ee728b)
Start importing Assets/Materials/vfxGraphBolt.vfx using Guid(8ab1e8e8dd7eb9c48a653517de090b3a) Importer(815301076,1909f56bfc062723c751e8b465ee728b)  -> (artifact id: '02eaa364c70290bed253ebe5a2908a09') in 0.019920 seconds 
  Import took 0.030737 seconds .

